
SyncServer login: root
Password:


/*
 * WARNING
 *
 * Authorized uses only.  All activity may be monitored and reported.
 *
 */

root@SyncServer:~# /sbin/seeprom

------------------------------------------------------------------------------
                         Symmetricom, TTM
                         SyncServer Nonvolatile Storage
                         Version 1.0
-------------------------------------------------------------------------------
  1. Initialize new seeprom                2.  Set seeprom size
  3. Read checksum                         4.  Update checksum
  5. Read ID byte                          5.  Set ID byte
  7. Read ID extension                     8.  Set ID extension
  9. Read Model String                    10.  Set Model String
 11. Read Serial Number                   12.  Set Serial Number
 13. Read options data                    14.  Set options data
 15. Read control data                    16.  Set control data
 17. Read reserved String                 18.  Set reserved String
 19. Read LAN1 Data                       20.  Set LAN1 Data
 21. Read LAN1 MAC                        22.  Set LAN1 MAC
 23. Read LAN2 Data                       24.  Set LAN2 Data
 25. Read LAN2 MAC                        26.  Set LAN2 MAC
 27. Read LAN3 Data                       28.  Set LAN3 Data
 29. Read LAN3 MAC                        30.  Set LAN3 MAC
 31. Read LANG Data                       32.  Set LANG Data
 33. Read LANG MAC                        34.  Set LANG MAC
 35. Read Future String                   36.  Set Future String
 37. Read Oscillator Type                 38.  Set Oscillator Type
 0.  Exit the Program...........................................................
     Select Option: 10
Model: S200: Model: S250
Model has been set


>>>>>>>>>>>>>>>>  Press Enter to continue  <<<<<<<<<<<<<<<<<


------------------------------------------------------------------------------
                         Symmetricom, TTM
                         SyncServer Nonvolatile Storage
                         Version 1.0
-------------------------------------------------------------------------------
  1. Initialize new seeprom                2.  Set seeprom size
  3. Read checksum                         4.  Update checksum
  5. Read ID byte                          5.  Set ID byte
  7. Read ID extension                     8.  Set ID extension
  9. Read Model String                    10.  Set Model String
 11. Read Serial Number                   12.  Set Serial Number
 13. Read options data                    14.  Set options data
 15. Read control data                    16.  Set control data
 17. Read reserved String                 18.  Set reserved String
 19. Read LAN1 Data                       20.  Set LAN1 Data
 21. Read LAN1 MAC                        22.  Set LAN1 MAC
 23. Read LAN2 Data                       24.  Set LAN2 Data
 25. Read LAN2 MAC                        26.  Set LAN2 MAC
 27. Read LAN3 Data                       28.  Set LAN3 Data
 29. Read LAN3 MAC                        30.  Set LAN3 MAC
 31. Read LANG Data                       32.  Set LANG Data
 33. Read LANG MAC                        34.  Set LANG MAC
 35. Read Future String                   36.  Set Future String
 37. Read Oscillator Type                 38.  Set Oscillator Type
 0.  Exit the Program...........................................................
     Select Option: 4
found 99df20ef but calculated 08de7655


>>>>>>>>>>>>>>>>  Press Enter to continue  <<<<<<<<<<<<<<<<<

Check set



>>>>>>>>>>>>>>>>  Press Enter to continue  <<<<<<<<<<<<<<<<<


------------------------------------------------------------------------------
                         Symmetricom, TTM
                         SyncServer Nonvolatile Storage
                         Version 1.0
-------------------------------------------------------------------------------
  1. Initialize new seeprom                2.  Set seeprom size
  3. Read checksum                         4.  Update checksum
  5. Read ID byte                          5.  Set ID byte
  7. Read ID extension                     8.  Set ID extension
  9. Read Model String                    10.  Set Model String
 11. Read Serial Number                   12.  Set Serial Number
 13. Read options data                    14.  Set options data
 15. Read control data                    16.  Set control data
 17. Read reserved String                 18.  Set reserved String
 19. Read LAN1 Data                       20.  Set LAN1 Data
 21. Read LAN1 MAC                        22.  Set LAN1 MAC
 23. Read LAN2 Data                       24.  Set LAN2 Data
 25. Read LAN2 MAC                        26.  Set LAN2 MAC
 27. Read LAN3 Data                       28.  Set LAN3 Data
 29. Read LAN3 MAC                        30.  Set LAN3 MAC
 31. Read LANG Data                       32.  Set LANG Data
 33. Read LANG MAC                        34.  Set LANG MAC
 35. Read Future String                   36.  Set Future String
 37. Read Oscillator Type                 38.  Set Oscillator Type
 0.  Exit the Program...........................................................
     Select Option: 0


exiting......

root@SyncServer:~# reboot

